2024-12-31 00:02:16,024 - db_manager - INFO - MongoDB connection closed
2024-12-31 00:02:17,969 - db_manager - INFO - Successfully connected to MongoDB
2024-12-31 00:02:17,970 - __main__ - INFO - Server listening on 0.0.0.0:5000
2024-12-31 00:04:17,818 - __main__ - INFO - Connection from ('192.168.1.201', 45670)
2024-12-31 00:04:17,822 - db_manager - INFO - Inserted document in notes with ID: 67733501372ec5ad3a6ea66a
2024-12-31 00:04:17,823 - db_manager - INFO - Updated document in users
2024-12-31 00:04:17,823 - notes - INFO - Note created with ID: 67733501372ec5ad3a6ea66a
2024-12-31 00:04:17,827 - db_manager - INFO - Inserted document in notes with ID: 67733501372ec5ad3a6ea66b
2024-12-31 00:04:17,827 - notes - INFO - Note edited with ID: 67733501372ec5ad3a6ea66b, new version: 2
2024-12-31 00:04:17,830 - db_manager - INFO - Updated 2 documents in notes
2024-12-31 00:04:17,831 - db_manager - INFO - Updated 1 documents in users
2024-12-31 00:04:17,832 - db_manager - INFO - Updated 2 documents in notes
2024-12-31 00:04:17,833 - db_manager - INFO - Updated 1 documents in users
2024-12-31 00:04:17,834 - db_manager - INFO - Updated 2 documents in notes
2024-12-31 00:04:17,835 - db_manager - INFO - Updated 0 documents in users
2024-12-31 00:04:17,836 - db_manager - INFO - Updated 2 documents in notes
2024-12-31 00:04:17,837 - db_manager - INFO - Updated 0 documents in users
2024-12-31 00:04:17,838 - users - ERROR - Error retrieving user: User not found
2024-12-31 00:04:17,938 - __main__ - INFO - Connection from ('192.168.1.201', 45676)
2024-12-31 00:04:17,941 - db_manager - INFO - Updated document in users
2024-12-31 00:04:29,093 - __main__ - INFO - Connection from ('192.168.1.200', 33648)
